node:internal/modules/cjs/loader:1031
  throw err;
  ^

Error: Cannot find module 'express'
Require stack:
- /home/ije17622/codemitra.dmifotech.com/server/index.js
- /usr/local/lsws/fcgi-bin/lsnode.js
    at Function.Module._resolveFilename (node:internal/modules/cjs/loader:1028:15)
    at Function.Module._load (node:internal/modules/cjs/loader:873:27)
    at Module.require (node:internal/modules/cjs/loader:1100:19)
    at require (node:internal/modules/cjs/helpers:119:18)
    at Object.<anonymous> (/home/ije17622/codemitra.dmifotech.com/server/index.js:1:17)
    at Module._compile (node:internal/modules/cjs/loader:1198:14)
    at Object.Module._extensions..js (node:internal/modules/cjs/loader:1252:10)
    at Module.load (node:internal/modules/cjs/loader:1076:32)
    at Function.Module._load (node:internal/modules/cjs/loader:911:12)
    at Module.require (node:internal/modules/cjs/loader:1100:19) {
  code: 'MODULE_NOT_FOUND',
  requireStack: [
    '/home/ije17622/codemitra.dmifotech.com/server/index.js',
    '/usr/local/lsws/fcgi-bin/lsnode.js'
  ]
}
node:internal/modules/cjs/loader:1031
  throw err;
  ^

Error: Cannot find module 'express'
Require stack:
- /home/ije17622/codemitra.dmifotech.com/server/index.js
- /usr/local/lsws/fcgi-bin/lsnode.js
    at Function.Module._resolveFilename (node:internal/modules/cjs/loader:1028:15)
    at Function.Module._load (node:internal/modules/cjs/loader:873:27)
    at Module.require (node:internal/modules/cjs/loader:1100:19)
    at require (node:internal/modules/cjs/helpers:119:18)
    at Object.<anonymous> (/home/ije17622/codemitra.dmifotech.com/server/index.js:1:17)
    at Module._compile (node:internal/modules/cjs/loader:1198:14)
    at Object.Module._extensions..js (node:internal/modules/cjs/loader:1252:10)
    at Module.load (node:internal/modules/cjs/loader:1076:32)
    at Function.Module._load (node:internal/modules/cjs/loader:911:12)
    at Module.require (node:internal/modules/cjs/loader:1100:19) {
  code: 'MODULE_NOT_FOUND',
  requireStack: [
    '/home/ije17622/codemitra.dmifotech.com/server/index.js',
    '/usr/local/lsws/fcgi-bin/lsnode.js'
  ]
}
node:internal/modules/cjs/loader:1031
  throw err;
  ^

Error: Cannot find module 'express'
Require stack:
- /home/ije17622/codemitra.dmifotech.com/server/index.js
- /usr/local/lsws/fcgi-bin/lsnode.js
    at Function.Module._resolveFilename (node:internal/modules/cjs/loader:1028:15)
    at Function.Module._load (node:internal/modules/cjs/loader:873:27)
    at Module.require (node:internal/modules/cjs/loader:1100:19)
    at require (node:internal/modules/cjs/helpers:119:18)
    at Object.<anonymous> (/home/ije17622/codemitra.dmifotech.com/server/index.js:1:17)
    at Module._compile (node:internal/modules/cjs/loader:1198:14)
    at Object.Module._extensions..js (node:internal/modules/cjs/loader:1252:10)
    at Module.load (node:internal/modules/cjs/loader:1076:32)
    at Function.Module._load (node:internal/modules/cjs/loader:911:12)
    at Module.require (node:internal/modules/cjs/loader:1100:19) {
  code: 'MODULE_NOT_FOUND',
  requireStack: [
    '/home/ije17622/codemitra.dmifotech.com/server/index.js',
    '/usr/local/lsws/fcgi-bin/lsnode.js'
  ]
}
node:internal/modules/cjs/loader:1031
  throw err;
  ^

Error: Cannot find module 'express'
Require stack:
- /home/ije17622/codemitra.dmifotech.com/server/index.js
- /usr/local/lsws/fcgi-bin/lsnode.js
    at Function.Module._resolveFilename (node:internal/modules/cjs/loader:1028:15)
    at Function.Module._load (node:internal/modules/cjs/loader:873:27)
    at Module.require (node:internal/modules/cjs/loader:1100:19)
    at require (node:internal/modules/cjs/helpers:119:18)
    at Object.<anonymous> (/home/ije17622/codemitra.dmifotech.com/server/index.js:1:17)
    at Module._compile (node:internal/modules/cjs/loader:1198:14)
    at Object.Module._extensions..js (node:internal/modules/cjs/loader:1252:10)
    at Module.load (node:internal/modules/cjs/loader:1076:32)
    at Function.Module._load (node:internal/modules/cjs/loader:911:12)
    at Module.require (node:internal/modules/cjs/loader:1100:19) {
  code: 'MODULE_NOT_FOUND',
  requireStack: [
    '/home/ije17622/codemitra.dmifotech.com/server/index.js',
    '/usr/local/lsws/fcgi-bin/lsnode.js'
  ]
}
node:internal/modules/cjs/loader:1031
  throw err;
  ^

Error: Cannot find module 'express'
Require stack:
- /home/ije17622/codemitra.dmifotech.com/server/index.js
- /usr/local/lsws/fcgi-bin/lsnode.js
    at Function.Module._resolveFilename (node:internal/modules/cjs/loader:1028:15)
    at Function.Module._load (node:internal/modules/cjs/loader:873:27)
    at Module.require (node:internal/modules/cjs/loader:1100:19)
    at require (node:internal/modules/cjs/helpers:119:18)
    at Object.<anonymous> (/home/ije17622/codemitra.dmifotech.com/server/index.js:1:17)
    at Module._compile (node:internal/modules/cjs/loader:1198:14)
    at Object.Module._extensions..js (node:internal/modules/cjs/loader:1252:10)
    at Module.load (node:internal/modules/cjs/loader:1076:32)
    at Function.Module._load (node:internal/modules/cjs/loader:911:12)
    at Module.require (node:internal/modules/cjs/loader:1100:19) {
  code: 'MODULE_NOT_FOUND',
  requireStack: [
    '/home/ije17622/codemitra.dmifotech.com/server/index.js',
    '/usr/local/lsws/fcgi-bin/lsnode.js'
  ]
}
node:internal/modules/cjs/loader:1031
  throw err;
  ^

Error: Cannot find module 'express'
Require stack:
- /home/ije17622/codemitra.dmifotech.com/server/index.js
- /usr/local/lsws/fcgi-bin/lsnode.js
    at Function.Module._resolveFilename (node:internal/modules/cjs/loader:1028:15)
    at Function.Module._load (node:internal/modules/cjs/loader:873:27)
    at Module.require (node:internal/modules/cjs/loader:1100:19)
    at require (node:internal/modules/cjs/helpers:119:18)
    at Object.<anonymous> (/home/ije17622/codemitra.dmifotech.com/server/index.js:1:17)
    at Module._compile (node:internal/modules/cjs/loader:1198:14)
    at Object.Module._extensions..js (node:internal/modules/cjs/loader:1252:10)
    at Module.load (node:internal/modules/cjs/loader:1076:32)
    at Function.Module._load (node:internal/modules/cjs/loader:911:12)
    at Module.require (node:internal/modules/cjs/loader:1100:19) {
  code: 'MODULE_NOT_FOUND',
  requireStack: [
    '/home/ije17622/codemitra.dmifotech.com/server/index.js',
    '/usr/local/lsws/fcgi-bin/lsnode.js'
  ]
}
Error connecting to the database: Error: connect ECONNREFUSED 127.0.0.1:3307
    at TCPConnectWrap.afterConnect [as oncomplete] (node:net:1278:16)
/home/ije17622/codemitra.dmifotech.com/server/config/db.js:30
      throw err;
      ^

Error: connect ECONNREFUSED 127.0.0.1:3307
    at TCPConnectWrap.afterConnect [as oncomplete] (node:net:1278:16) {
  errno: -111,
  code: 'ECONNREFUSED',
  syscall: 'connect',
  address: '127.0.0.1',
  port: 3307,
  fatal: true
}
Error connecting to the database: Error: connect ECONNREFUSED 127.0.0.1:3307
    at TCPConnectWrap.afterConnect [as oncomplete] (node:net:1278:16)
/home/ije17622/codemitra.dmifotech.com/server/config/db.js:30
      throw err;
      ^

Error: connect ECONNREFUSED 127.0.0.1:3307
    at TCPConnectWrap.afterConnect [as oncomplete] (node:net:1278:16) {
  errno: -111,
  code: 'ECONNREFUSED',
  syscall: 'connect',
  address: '127.0.0.1',
  port: 3307,
  fatal: true
}
Error connecting to the database: Error: connect ECONNREFUSED 127.0.0.1:3307
    at TCPConnectWrap.afterConnect [as oncomplete] (node:net:1278:16)
/home/ije17622/codemitra.dmifotech.com/server/config/db.js:30
      throw err;
      ^

Error: connect ECONNREFUSED 127.0.0.1:3307
    at TCPConnectWrap.afterConnect [as oncomplete] (node:net:1278:16) {
  errno: -111,
  code: 'ECONNREFUSED',
  syscall: 'connect',
  address: '127.0.0.1',
  port: 3307,
  fatal: true
}
Error connecting to the database: Error: connect ECONNREFUSED 127.0.0.1:3307
    at TCPConnectWrap.afterConnect [as oncomplete] (node:net:1278:16)
/home/ije17622/codemitra.dmifotech.com/server/config/db.js:30
      throw err;
      ^

Error: connect ECONNREFUSED 127.0.0.1:3307
    at TCPConnectWrap.afterConnect [as oncomplete] (node:net:1278:16) {
  errno: -111,
  code: 'ECONNREFUSED',
  syscall: 'connect',
  address: '127.0.0.1',
  port: 3307,
  fatal: true
}
Error connecting to the database: Error: connect ECONNREFUSED 127.0.0.1:3307
    at TCPConnectWrap.afterConnect [as oncomplete] (node:net:1278:16)
/home/ije17622/codemitra.dmifotech.com/server/config/db.js:30
      throw err;
      ^

Error: connect ECONNREFUSED 127.0.0.1:3307
    at TCPConnectWrap.afterConnect [as oncomplete] (node:net:1278:16) {
  errno: -111,
  code: 'ECONNREFUSED',
  syscall: 'connect',
  address: '127.0.0.1',
  port: 3307,
  fatal: true
}
Error connecting to the database: Error: connect ECONNREFUSED 127.0.0.1:3307
    at TCPConnectWrap.afterConnect [as oncomplete] (node:net:1278:16)
/home/ije17622/codemitra.dmifotech.com/server/config/db.js:30
      throw err;
      ^

Error: connect ECONNREFUSED 127.0.0.1:3307
    at TCPConnectWrap.afterConnect [as oncomplete] (node:net:1278:16) {
  errno: -111,
  code: 'ECONNREFUSED',
  syscall: 'connect',
  address: '127.0.0.1',
  port: 3307,
  fatal: true
}
